2025-04-01 12:19:50 - PHP Unknown:  Return type of RetailcrmApiResponse::offsetExists($offset) should either be compatible with ArrayAccess::offsetExists(mixed $offset): bool, or the #[\ReturnTypeWillChange] attribute should be used to temporarily suppress the notice in D:\OSPanel\home\retail.local\public\system\library\retailcrm\lib\api\RetailcrmApiResponse.php on line 131
2025-04-01 12:19:50 - PHP Unknown:  Return type of RetailcrmApiResponse::offsetGet($offset) should either be compatible with ArrayAccess::offsetGet(mixed $offset): mixed, or the #[\ReturnTypeWillChange] attribute should be used to temporarily suppress the notice in D:\OSPanel\home\retail.local\public\system\library\retailcrm\lib\api\RetailcrmApiResponse.php on line 145
2025-04-01 12:19:50 - PHP Unknown:  Return type of RetailcrmApiResponse::offsetSet($offset, $value) should either be compatible with ArrayAccess::offsetSet(mixed $offset, mixed $value): void, or the #[\ReturnTypeWillChange] attribute should be used to temporarily suppress the notice in D:\OSPanel\home\retail.local\public\system\library\retailcrm\lib\api\RetailcrmApiResponse.php on line 106
2025-04-01 12:19:50 - PHP Unknown:  Return type of RetailcrmApiResponse::offsetUnset($offset) should either be compatible with ArrayAccess::offsetUnset(mixed $offset): void, or the #[\ReturnTypeWillChange] attribute should be used to temporarily suppress the notice in D:\OSPanel\home\retail.local\public\system\library\retailcrm\lib\api\RetailcrmApiResponse.php on line 119
2025-04-01 12:21:40 - PHP Unknown:  Return type of RetailcrmApiResponse::offsetExists($offset) should either be compatible with ArrayAccess::offsetExists(mixed $offset): bool, or the #[\ReturnTypeWillChange] attribute should be used to temporarily suppress the notice in D:\OSPanel\home\retail.local\public\system\library\retailcrm\lib\api\RetailcrmApiResponse.php on line 131
2025-04-01 12:21:40 - PHP Unknown:  Return type of RetailcrmApiResponse::offsetGet($offset) should either be compatible with ArrayAccess::offsetGet(mixed $offset): mixed, or the #[\ReturnTypeWillChange] attribute should be used to temporarily suppress the notice in D:\OSPanel\home\retail.local\public\system\library\retailcrm\lib\api\RetailcrmApiResponse.php on line 145
2025-04-01 12:21:40 - PHP Unknown:  Return type of RetailcrmApiResponse::offsetSet($offset, $value) should either be compatible with ArrayAccess::offsetSet(mixed $offset, mixed $value): void, or the #[\ReturnTypeWillChange] attribute should be used to temporarily suppress the notice in D:\OSPanel\home\retail.local\public\system\library\retailcrm\lib\api\RetailcrmApiResponse.php on line 106
2025-04-01 12:21:40 - PHP Unknown:  Return type of RetailcrmApiResponse::offsetUnset($offset) should either be compatible with ArrayAccess::offsetUnset(mixed $offset): void, or the #[\ReturnTypeWillChange] attribute should be used to temporarily suppress the notice in D:\OSPanel\home\retail.local\public\system\library\retailcrm\lib\api\RetailcrmApiResponse.php on line 119
2025-04-01 12:25:16 - PHP Unknown:  Return type of RetailcrmApiResponse::offsetExists($offset) should either be compatible with ArrayAccess::offsetExists(mixed $offset): bool, or the #[\ReturnTypeWillChange] attribute should be used to temporarily suppress the notice in D:\OSPanel\home\retail.local\public\system\library\retailcrm\lib\api\RetailcrmApiResponse.php on line 131
2025-04-01 12:25:16 - PHP Unknown:  Return type of RetailcrmApiResponse::offsetGet($offset) should either be compatible with ArrayAccess::offsetGet(mixed $offset): mixed, or the #[\ReturnTypeWillChange] attribute should be used to temporarily suppress the notice in D:\OSPanel\home\retail.local\public\system\library\retailcrm\lib\api\RetailcrmApiResponse.php on line 145
2025-04-01 12:25:16 - PHP Unknown:  Return type of RetailcrmApiResponse::offsetSet($offset, $value) should either be compatible with ArrayAccess::offsetSet(mixed $offset, mixed $value): void, or the #[\ReturnTypeWillChange] attribute should be used to temporarily suppress the notice in D:\OSPanel\home\retail.local\public\system\library\retailcrm\lib\api\RetailcrmApiResponse.php on line 106
2025-04-01 12:25:16 - PHP Unknown:  Return type of RetailcrmApiResponse::offsetUnset($offset) should either be compatible with ArrayAccess::offsetUnset(mixed $offset): void, or the #[\ReturnTypeWillChange] attribute should be used to temporarily suppress the notice in D:\OSPanel\home\retail.local\public\system\library\retailcrm\lib\api\RetailcrmApiResponse.php on line 119
2025-04-01 12:25:18 - PHP Unknown:  Return type of RetailcrmApiResponse::offsetExists($offset) should either be compatible with ArrayAccess::offsetExists(mixed $offset): bool, or the #[\ReturnTypeWillChange] attribute should be used to temporarily suppress the notice in D:\OSPanel\home\retail.local\public\system\library\retailcrm\lib\api\RetailcrmApiResponse.php on line 131
2025-04-01 12:25:18 - PHP Unknown:  Return type of RetailcrmApiResponse::offsetGet($offset) should either be compatible with ArrayAccess::offsetGet(mixed $offset): mixed, or the #[\ReturnTypeWillChange] attribute should be used to temporarily suppress the notice in D:\OSPanel\home\retail.local\public\system\library\retailcrm\lib\api\RetailcrmApiResponse.php on line 145
2025-04-01 12:25:18 - PHP Unknown:  Return type of RetailcrmApiResponse::offsetSet($offset, $value) should either be compatible with ArrayAccess::offsetSet(mixed $offset, mixed $value): void, or the #[\ReturnTypeWillChange] attribute should be used to temporarily suppress the notice in D:\OSPanel\home\retail.local\public\system\library\retailcrm\lib\api\RetailcrmApiResponse.php on line 106
2025-04-01 12:25:18 - PHP Unknown:  Return type of RetailcrmApiResponse::offsetUnset($offset) should either be compatible with ArrayAccess::offsetUnset(mixed $offset): void, or the #[\ReturnTypeWillChange] attribute should be used to temporarily suppress the notice in D:\OSPanel\home\retail.local\public\system\library\retailcrm\lib\api\RetailcrmApiResponse.php on line 119
2025-04-01 12:28:26 - PHP Unknown:  Return type of RetailcrmApiResponse::offsetExists($offset) should either be compatible with ArrayAccess::offsetExists(mixed $offset): bool, or the #[\ReturnTypeWillChange] attribute should be used to temporarily suppress the notice in D:\OSPanel\home\retail.local\public\system\library\retailcrm\lib\api\RetailcrmApiResponse.php on line 131
2025-04-01 12:28:26 - PHP Unknown:  Return type of RetailcrmApiResponse::offsetGet($offset) should either be compatible with ArrayAccess::offsetGet(mixed $offset): mixed, or the #[\ReturnTypeWillChange] attribute should be used to temporarily suppress the notice in D:\OSPanel\home\retail.local\public\system\library\retailcrm\lib\api\RetailcrmApiResponse.php on line 145
2025-04-01 12:28:26 - PHP Unknown:  Return type of RetailcrmApiResponse::offsetSet($offset, $value) should either be compatible with ArrayAccess::offsetSet(mixed $offset, mixed $value): void, or the #[\ReturnTypeWillChange] attribute should be used to temporarily suppress the notice in D:\OSPanel\home\retail.local\public\system\library\retailcrm\lib\api\RetailcrmApiResponse.php on line 106
2025-04-01 12:28:26 - PHP Unknown:  Return type of RetailcrmApiResponse::offsetUnset($offset) should either be compatible with ArrayAccess::offsetUnset(mixed $offset): void, or the #[\ReturnTypeWillChange] attribute should be used to temporarily suppress the notice in D:\OSPanel\home\retail.local\public\system\library\retailcrm\lib\api\RetailcrmApiResponse.php on line 119
2025-04-01 14:11:54 - PHP Unknown:  Return type of RetailcrmApiResponse::offsetExists($offset) should either be compatible with ArrayAccess::offsetExists(mixed $offset): bool, or the #[\ReturnTypeWillChange] attribute should be used to temporarily suppress the notice in D:\OSPanel\home\retail.local\public\system\library\retailcrm\lib\api\RetailcrmApiResponse.php on line 131
2025-04-01 14:11:54 - PHP Unknown:  Return type of RetailcrmApiResponse::offsetGet($offset) should either be compatible with ArrayAccess::offsetGet(mixed $offset): mixed, or the #[\ReturnTypeWillChange] attribute should be used to temporarily suppress the notice in D:\OSPanel\home\retail.local\public\system\library\retailcrm\lib\api\RetailcrmApiResponse.php on line 145
2025-04-01 14:11:54 - PHP Unknown:  Return type of RetailcrmApiResponse::offsetSet($offset, $value) should either be compatible with ArrayAccess::offsetSet(mixed $offset, mixed $value): void, or the #[\ReturnTypeWillChange] attribute should be used to temporarily suppress the notice in D:\OSPanel\home\retail.local\public\system\library\retailcrm\lib\api\RetailcrmApiResponse.php on line 106
2025-04-01 14:11:54 - PHP Unknown:  Return type of RetailcrmApiResponse::offsetUnset($offset) should either be compatible with ArrayAccess::offsetUnset(mixed $offset): void, or the #[\ReturnTypeWillChange] attribute should be used to temporarily suppress the notice in D:\OSPanel\home\retail.local\public\system\library\retailcrm\lib\api\RetailcrmApiResponse.php on line 119
2025-04-07 17:18:51 - PHP Unknown:  Return type of RetailcrmApiResponse::offsetExists($offset) should either be compatible with ArrayAccess::offsetExists(mixed $offset): bool, or the #[\ReturnTypeWillChange] attribute should be used to temporarily suppress the notice in D:\OSPanel\home\retail.local\public\system\library\retailcrm\lib\api\RetailcrmApiResponse.php on line 131
2025-04-07 17:18:51 - PHP Unknown:  Return type of RetailcrmApiResponse::offsetGet($offset) should either be compatible with ArrayAccess::offsetGet(mixed $offset): mixed, or the #[\ReturnTypeWillChange] attribute should be used to temporarily suppress the notice in D:\OSPanel\home\retail.local\public\system\library\retailcrm\lib\api\RetailcrmApiResponse.php on line 145
2025-04-07 17:18:51 - PHP Unknown:  Return type of RetailcrmApiResponse::offsetSet($offset, $value) should either be compatible with ArrayAccess::offsetSet(mixed $offset, mixed $value): void, or the #[\ReturnTypeWillChange] attribute should be used to temporarily suppress the notice in D:\OSPanel\home\retail.local\public\system\library\retailcrm\lib\api\RetailcrmApiResponse.php on line 106
2025-04-07 17:18:51 - PHP Unknown:  Return type of RetailcrmApiResponse::offsetUnset($offset) should either be compatible with ArrayAccess::offsetUnset(mixed $offset): void, or the #[\ReturnTypeWillChange] attribute should be used to temporarily suppress the notice in D:\OSPanel\home\retail.local\public\system\library\retailcrm\lib\api\RetailcrmApiResponse.php on line 119
2025-04-07 17:20:56 - PHP Unknown:  Return type of RetailcrmApiResponse::offsetExists($offset) should either be compatible with ArrayAccess::offsetExists(mixed $offset): bool, or the #[\ReturnTypeWillChange] attribute should be used to temporarily suppress the notice in D:\OSPanel\home\retail.local\public\system\library\retailcrm\lib\api\RetailcrmApiResponse.php on line 131
2025-04-07 17:20:56 - PHP Unknown:  Return type of RetailcrmApiResponse::offsetGet($offset) should either be compatible with ArrayAccess::offsetGet(mixed $offset): mixed, or the #[\ReturnTypeWillChange] attribute should be used to temporarily suppress the notice in D:\OSPanel\home\retail.local\public\system\library\retailcrm\lib\api\RetailcrmApiResponse.php on line 145
2025-04-07 17:20:56 - PHP Unknown:  Return type of RetailcrmApiResponse::offsetSet($offset, $value) should either be compatible with ArrayAccess::offsetSet(mixed $offset, mixed $value): void, or the #[\ReturnTypeWillChange] attribute should be used to temporarily suppress the notice in D:\OSPanel\home\retail.local\public\system\library\retailcrm\lib\api\RetailcrmApiResponse.php on line 106
2025-04-07 17:20:56 - PHP Unknown:  Return type of RetailcrmApiResponse::offsetUnset($offset) should either be compatible with ArrayAccess::offsetUnset(mixed $offset): void, or the #[\ReturnTypeWillChange] attribute should be used to temporarily suppress the notice in D:\OSPanel\home\retail.local\public\system\library\retailcrm\lib\api\RetailcrmApiResponse.php on line 119
2025-04-07 17:21:15 - PHP Unknown:  Return type of RetailcrmApiResponse::offsetExists($offset) should either be compatible with ArrayAccess::offsetExists(mixed $offset): bool, or the #[\ReturnTypeWillChange] attribute should be used to temporarily suppress the notice in D:\OSPanel\home\retail.local\public\system\library\retailcrm\lib\api\RetailcrmApiResponse.php on line 131
2025-04-07 17:21:15 - PHP Unknown:  Return type of RetailcrmApiResponse::offsetGet($offset) should either be compatible with ArrayAccess::offsetGet(mixed $offset): mixed, or the #[\ReturnTypeWillChange] attribute should be used to temporarily suppress the notice in D:\OSPanel\home\retail.local\public\system\library\retailcrm\lib\api\RetailcrmApiResponse.php on line 145
2025-04-07 17:21:15 - PHP Unknown:  Return type of RetailcrmApiResponse::offsetSet($offset, $value) should either be compatible with ArrayAccess::offsetSet(mixed $offset, mixed $value): void, or the #[\ReturnTypeWillChange] attribute should be used to temporarily suppress the notice in D:\OSPanel\home\retail.local\public\system\library\retailcrm\lib\api\RetailcrmApiResponse.php on line 106
2025-04-07 17:21:15 - PHP Unknown:  Return type of RetailcrmApiResponse::offsetUnset($offset) should either be compatible with ArrayAccess::offsetUnset(mixed $offset): void, or the #[\ReturnTypeWillChange] attribute should be used to temporarily suppress the notice in D:\OSPanel\home\retail.local\public\system\library\retailcrm\lib\api\RetailcrmApiResponse.php on line 119
2025-04-07 17:21:59 - PHP Unknown:  Return type of RetailcrmApiResponse::offsetExists($offset) should either be compatible with ArrayAccess::offsetExists(mixed $offset): bool, or the #[\ReturnTypeWillChange] attribute should be used to temporarily suppress the notice in D:\OSPanel\home\retail.local\public\system\library\retailcrm\lib\api\RetailcrmApiResponse.php on line 131
2025-04-07 17:21:59 - PHP Unknown:  Return type of RetailcrmApiResponse::offsetGet($offset) should either be compatible with ArrayAccess::offsetGet(mixed $offset): mixed, or the #[\ReturnTypeWillChange] attribute should be used to temporarily suppress the notice in D:\OSPanel\home\retail.local\public\system\library\retailcrm\lib\api\RetailcrmApiResponse.php on line 145
2025-04-07 17:21:59 - PHP Unknown:  Return type of RetailcrmApiResponse::offsetSet($offset, $value) should either be compatible with ArrayAccess::offsetSet(mixed $offset, mixed $value): void, or the #[\ReturnTypeWillChange] attribute should be used to temporarily suppress the notice in D:\OSPanel\home\retail.local\public\system\library\retailcrm\lib\api\RetailcrmApiResponse.php on line 106
2025-04-07 17:21:59 - PHP Unknown:  Return type of RetailcrmApiResponse::offsetUnset($offset) should either be compatible with ArrayAccess::offsetUnset(mixed $offset): void, or the #[\ReturnTypeWillChange] attribute should be used to temporarily suppress the notice in D:\OSPanel\home\retail.local\public\system\library\retailcrm\lib\api\RetailcrmApiResponse.php on line 119
2025-04-07 17:23:36 - PHP Unknown:  Return type of RetailcrmApiResponse::offsetExists($offset) should either be compatible with ArrayAccess::offsetExists(mixed $offset): bool, or the #[\ReturnTypeWillChange] attribute should be used to temporarily suppress the notice in D:\OSPanel\home\retail.local\public\system\library\retailcrm\lib\api\RetailcrmApiResponse.php on line 131
2025-04-07 17:23:36 - PHP Unknown:  Return type of RetailcrmApiResponse::offsetGet($offset) should either be compatible with ArrayAccess::offsetGet(mixed $offset): mixed, or the #[\ReturnTypeWillChange] attribute should be used to temporarily suppress the notice in D:\OSPanel\home\retail.local\public\system\library\retailcrm\lib\api\RetailcrmApiResponse.php on line 145
2025-04-07 17:23:36 - PHP Unknown:  Return type of RetailcrmApiResponse::offsetSet($offset, $value) should either be compatible with ArrayAccess::offsetSet(mixed $offset, mixed $value): void, or the #[\ReturnTypeWillChange] attribute should be used to temporarily suppress the notice in D:\OSPanel\home\retail.local\public\system\library\retailcrm\lib\api\RetailcrmApiResponse.php on line 106
2025-04-07 17:23:36 - PHP Unknown:  Return type of RetailcrmApiResponse::offsetUnset($offset) should either be compatible with ArrayAccess::offsetUnset(mixed $offset): void, or the #[\ReturnTypeWillChange] attribute should be used to temporarily suppress the notice in D:\OSPanel\home\retail.local\public\system\library\retailcrm\lib\api\RetailcrmApiResponse.php on line 119
2025-04-07 17:24:16 - PHP Unknown:  Return type of RetailcrmApiResponse::offsetExists($offset) should either be compatible with ArrayAccess::offsetExists(mixed $offset): bool, or the #[\ReturnTypeWillChange] attribute should be used to temporarily suppress the notice in D:\OSPanel\home\retail.local\public\system\library\retailcrm\lib\api\RetailcrmApiResponse.php on line 131
2025-04-07 17:24:16 - PHP Unknown:  Return type of RetailcrmApiResponse::offsetGet($offset) should either be compatible with ArrayAccess::offsetGet(mixed $offset): mixed, or the #[\ReturnTypeWillChange] attribute should be used to temporarily suppress the notice in D:\OSPanel\home\retail.local\public\system\library\retailcrm\lib\api\RetailcrmApiResponse.php on line 145
2025-04-07 17:24:16 - PHP Unknown:  Return type of RetailcrmApiResponse::offsetSet($offset, $value) should either be compatible with ArrayAccess::offsetSet(mixed $offset, mixed $value): void, or the #[\ReturnTypeWillChange] attribute should be used to temporarily suppress the notice in D:\OSPanel\home\retail.local\public\system\library\retailcrm\lib\api\RetailcrmApiResponse.php on line 106
2025-04-07 17:24:16 - PHP Unknown:  Return type of RetailcrmApiResponse::offsetUnset($offset) should either be compatible with ArrayAccess::offsetUnset(mixed $offset): void, or the #[\ReturnTypeWillChange] attribute should be used to temporarily suppress the notice in D:\OSPanel\home\retail.local\public\system\library\retailcrm\lib\api\RetailcrmApiResponse.php on line 119
2025-04-07 17:24:16 - PHP Warning:  Array to string conversion in D:\OSPanel\home\retail.local\public\system\library\retailcrm\cron\history.php on line 140
2025-04-07 17:25:47 - PHP Unknown:  Return type of RetailcrmApiResponse::offsetExists($offset) should either be compatible with ArrayAccess::offsetExists(mixed $offset): bool, or the #[\ReturnTypeWillChange] attribute should be used to temporarily suppress the notice in D:\OSPanel\home\retail.local\public\system\library\retailcrm\lib\api\RetailcrmApiResponse.php on line 131
2025-04-07 17:25:47 - PHP Unknown:  Return type of RetailcrmApiResponse::offsetGet($offset) should either be compatible with ArrayAccess::offsetGet(mixed $offset): mixed, or the #[\ReturnTypeWillChange] attribute should be used to temporarily suppress the notice in D:\OSPanel\home\retail.local\public\system\library\retailcrm\lib\api\RetailcrmApiResponse.php on line 145
2025-04-07 17:25:47 - PHP Unknown:  Return type of RetailcrmApiResponse::offsetSet($offset, $value) should either be compatible with ArrayAccess::offsetSet(mixed $offset, mixed $value): void, or the #[\ReturnTypeWillChange] attribute should be used to temporarily suppress the notice in D:\OSPanel\home\retail.local\public\system\library\retailcrm\lib\api\RetailcrmApiResponse.php on line 106
2025-04-07 17:25:47 - PHP Unknown:  Return type of RetailcrmApiResponse::offsetUnset($offset) should either be compatible with ArrayAccess::offsetUnset(mixed $offset): void, or the #[\ReturnTypeWillChange] attribute should be used to temporarily suppress the notice in D:\OSPanel\home\retail.local\public\system\library\retailcrm\lib\api\RetailcrmApiResponse.php on line 119
2025-04-07 17:26:25 - PHP Unknown:  Return type of RetailcrmApiResponse::offsetExists($offset) should either be compatible with ArrayAccess::offsetExists(mixed $offset): bool, or the #[\ReturnTypeWillChange] attribute should be used to temporarily suppress the notice in D:\OSPanel\home\retail.local\public\system\library\retailcrm\lib\api\RetailcrmApiResponse.php on line 131
2025-04-07 17:26:25 - PHP Unknown:  Return type of RetailcrmApiResponse::offsetGet($offset) should either be compatible with ArrayAccess::offsetGet(mixed $offset): mixed, or the #[\ReturnTypeWillChange] attribute should be used to temporarily suppress the notice in D:\OSPanel\home\retail.local\public\system\library\retailcrm\lib\api\RetailcrmApiResponse.php on line 145
2025-04-07 17:26:25 - PHP Unknown:  Return type of RetailcrmApiResponse::offsetSet($offset, $value) should either be compatible with ArrayAccess::offsetSet(mixed $offset, mixed $value): void, or the #[\ReturnTypeWillChange] attribute should be used to temporarily suppress the notice in D:\OSPanel\home\retail.local\public\system\library\retailcrm\lib\api\RetailcrmApiResponse.php on line 106
2025-04-07 17:26:25 - PHP Unknown:  Return type of RetailcrmApiResponse::offsetUnset($offset) should either be compatible with ArrayAccess::offsetUnset(mixed $offset): void, or the #[\ReturnTypeWillChange] attribute should be used to temporarily suppress the notice in D:\OSPanel\home\retail.local\public\system\library\retailcrm\lib\api\RetailcrmApiResponse.php on line 119
2025-04-07 17:28:58 - PHP Warning:  mysqli::query(): (42S02/1146): Table 'loca.cms_orders' doesn't exist in D:\OSPanel\home\retail.local\public\system\library\retailcrm\cron\history.php on line 203
2025-04-07 17:28:58 - PHP Warning:  Attempt to read property "num_rows" on bool in D:\OSPanel\home\retail.local\public\system\library\retailcrm\cron\history.php on line 205
2025-04-07 17:28:58 - PHP Warning:  mysqli::query(): (42S02/1146): Table 'loca.cms_orders' doesn't exist in D:\OSPanel\home\retail.local\public\system\library\retailcrm\cron\history.php on line 222
2025-04-07 17:29:28 - PHP Warning:  mysqli::query(): (42S02/1146): Table 'loca.cms_orders' doesn't exist in D:\OSPanel\home\retail.local\public\system\library\retailcrm\cron\history.php on line 203
2025-04-07 17:29:28 - PHP Warning:  Attempt to read property "num_rows" on bool in D:\OSPanel\home\retail.local\public\system\library\retailcrm\cron\history.php on line 205
2025-04-07 17:32:14 - PHP Warning:  mysqli::query(): (42S22/1054): Unknown column 'order_id' in 'field list' in D:\OSPanel\home\retail.local\public\system\library\retailcrm\cron\history.php on line 203
2025-04-07 17:32:14 - PHP Warning:  Attempt to read property "num_rows" on bool in D:\OSPanel\home\retail.local\public\system\library\retailcrm\cron\history.php on line 205
2025-04-07 17:33:49 - PHP Warning:  mysqli::query(): (42S02/1146): Table 'loca.oc_orders' doesn't exist in D:\OSPanel\home\retail.local\public\system\library\retailcrm\cron\history.php on line 203
2025-04-07 17:34:52 - PHP Warning:  mysqli::query(): (42S22/1054): Unknown column 'delivery_date' in 'field list' in D:\OSPanel\home\retail.local\public\system\library\retailcrm\cron\history.php on line 226
2025-04-07 17:38:57 - PHP Warning:  mysqli::query(): (HY000/1364): Field 'invoice_prefix' doesn't have a default value in D:\OSPanel\home\retail.local\public\system\library\retailcrm\cron\history.php on line 228
2025-04-07 17:43:03 - PHP Warning:  mysqli::query(): (HY000/1364): Field 'store_name' doesn't have a default value in D:\OSPanel\home\retail.local\public\system\library\retailcrm\cron\history.php on line 227
2025-04-07 17:44:12 - PHP Warning:  mysqli::query(): (42S22/1054): Unknown column 'delivery_date' in 'field list' in D:\OSPanel\home\retail.local\public\system\library\retailcrm\cron\history.php on line 240
2025-04-07 17:46:49 - PHP Warning:  mysqli::query(): (HY000/1364): Field 'store_name' doesn't have a default value in D:\OSPanel\home\retail.local\public\system\library\retailcrm\cron\history.php on line 226
2025-04-07 17:47:36 - PHP Warning:  mysqli::query(): (HY000/1364): Field 'store_name' doesn't have a default value in D:\OSPanel\home\retail.local\public\system\library\retailcrm\cron\history.php on line 225
2025-04-07 17:52:23 - PHP Warning:  mysqli::query(): (23000/1048): Column 'order_status_id' cannot be null in D:\OSPanel\home\retail.local\public\system\library\retailcrm\cron\history.php on line 236
2025-04-07 17:52:54 - PHP Warning:  mysqli::query(): (23000/1048): Column 'order_status_id' cannot be null in D:\OSPanel\home\retail.local\public\system\library\retailcrm\cron\history.php on line 235
2025-04-07 17:52:54 - PHP Warning:  mysqli::query(): (HY000/1364): Field 'model' doesn't have a default value in D:\OSPanel\home\retail.local\public\system\library\retailcrm\cron\history.php on line 263
2025-04-07 17:54:55 - PHP Warning:  mysqli::query(): (23000/1048): Column 'order_status_id' cannot be null in D:\OSPanel\home\retail.local\public\system\library\retailcrm\cron\history.php on line 236
2025-04-07 17:55:47 - PHP Warning:  mysqli::query(): (23000/1048): Column 'order_status_id' cannot be null in D:\OSPanel\home\retail.local\public\system\library\retailcrm\cron\history.php on line 235
2025-04-07 17:56:09 - PHP Warning:  mysqli::query(): (HY000/1364): Field 'invoice_prefix' doesn't have a default value in D:\OSPanel\home\retail.local\public\system\library\retailcrm\cron\history.php on line 235
2025-04-07 17:56:49 - PHP Warning:  mysqli::query(): (42000/1064): You have an error in your SQL syntax; check the manual that corresponds to your MySQL server version for the right syntax to use near '&quot;trek_nomer&quot;:&quot;2254785&quot;},
                            300,
                    ' at line 5 in D:\OSPanel\home\retail.local\public\system\library\retailcrm\cron\history.php on line 235
2025-04-07 17:57:37 - PHP Warning:  mysqli::query(): (HY000/1364): Field 'store_name' doesn't have a default value in D:\OSPanel\home\retail.local\public\system\library\retailcrm\cron\history.php on line 235
2025-04-07 18:04:19 - PHP Warning:  Array to string conversion in D:\OSPanel\home\retail.local\public\system\library\retailcrm\cron\history.php on line 174
2025-04-07 18:04:30 - PHP Warning:  Undefined array key "response" in D:\OSPanel\home\retail.local\public\system\library\retailcrm\cron\history.php on line 174
2025-04-07 18:05:43 - PHP Warning:  Undefined array key "orders" in D:\OSPanel\home\retail.local\public\system\library\retailcrm\cron\history.php on line 190
2025-04-07 18:05:43 - PHP Warning:  foreach() argument must be of type array|object, null given in D:\OSPanel\home\retail.local\public\system\library\retailcrm\cron\history.php on line 190
2025-04-07 18:05:43 - PHP Warning:  Undefined array key "orders" in D:\OSPanel\home\retail.local\public\system\library\retailcrm\cron\history.php on line 388
2025-04-07 18:06:16 - PHP Warning:  Undefined array key "orders" in D:\OSPanel\home\retail.local\public\system\library\retailcrm\cron\history.php on line 190
2025-04-07 18:06:16 - PHP Warning:  foreach() argument must be of type array|object, null given in D:\OSPanel\home\retail.local\public\system\library\retailcrm\cron\history.php on line 190
2025-04-07 18:07:17 - PHP Warning:  Undefined array key "orders" in D:\OSPanel\home\retail.local\public\system\library\retailcrm\cron\history.php on line 190
2025-04-07 18:07:17 - PHP Warning:  foreach() argument must be of type array|object, null given in D:\OSPanel\home\retail.local\public\system\library\retailcrm\cron\history.php on line 190
2025-04-07 18:10:13 - PHP Warning:  mysqli_stmt::execute(): (HY000/1364): Field 'store_name' doesn't have a default value in D:\OSPanel\home\retail.local\public\system\library\retailcrm\cron\history.php on line 334
2025-04-07 18:10:13 - PHP Warning:  mysqli_stmt::execute(): (HY000/1364): Field 'model' doesn't have a default value in D:\OSPanel\home\retail.local\public\system\library\retailcrm\cron\history.php on line 373
2025-04-07 18:10:13 - PHP Warning:  mysqli_stmt::execute(): (HY000/1364): Field 'model' doesn't have a default value in D:\OSPanel\home\retail.local\public\system\library\retailcrm\cron\history.php on line 373
2025-04-07 18:10:13 - PHP Warning:  mysqli_stmt::execute(): (HY000/1364): Field 'model' doesn't have a default value in D:\OSPanel\home\retail.local\public\system\library\retailcrm\cron\history.php on line 373
2025-04-07 18:11:59 - PHP Warning:  Undefined variable $api in D:\OSPanel\home\retail.local\public\system\library\retailcrm\cron\history.php on line 141
2025-04-07 18:11:59 - PHP Unknown:  rtrim(): Passing null to parameter #1 ($string) of type string is deprecated in D:\OSPanel\home\retail.local\public\system\library\retailcrm\cron\history.php on line 141
2025-04-07 18:11:59 - PHP Warning:  Undefined variable $opt in D:\OSPanel\home\retail.local\public\system\library\retailcrm\cron\history.php on line 141
2025-04-07 18:12:57 - PHP Warning:  Undefined array key "orders" in D:\OSPanel\home\retail.local\public\system\library\retailcrm\cron\history.php on line 171
2025-04-07 18:12:57 - PHP Warning:  foreach() argument must be of type array|object, null given in D:\OSPanel\home\retail.local\public\system\library\retailcrm\cron\history.php on line 171
2025-04-07 18:12:57 - PHP Warning:  Undefined array key "orders" in D:\OSPanel\home\retail.local\public\system\library\retailcrm\cron\history.php on line 269
2025-04-07 18:13:42 - PHP Warning:  Undefined array key "orders" in D:\OSPanel\home\retail.local\public\system\library\retailcrm\cron\history.php on line 171
2025-04-07 18:13:42 - PHP Warning:  foreach() argument must be of type array|object, null given in D:\OSPanel\home\retail.local\public\system\library\retailcrm\cron\history.php on line 171
2025-04-07 18:14:15 - PHP Warning:  Undefined array key "orders" in D:\OSPanel\home\retail.local\public\system\library\retailcrm\cron\history.php on line 171
2025-04-07 18:14:15 - PHP Warning:  foreach() argument must be of type array|object, null given in D:\OSPanel\home\retail.local\public\system\library\retailcrm\cron\history.php on line 171
2025-04-07 18:16:32 - PHP Warning:  Trying to access array offset on value of type null in D:\OSPanel\home\retail.local\public\system\library\retailcrm\cron\history.php on line 154
2025-04-07 18:16:32 - PHP Warning:  foreach() argument must be of type array|object, null given in D:\OSPanel\home\retail.local\public\system\library\retailcrm\cron\history.php on line 154
2025-04-07 18:16:32 - PHP Warning:  Trying to access array offset on value of type null in D:\OSPanel\home\retail.local\public\system\library\retailcrm\cron\history.php on line 279
2025-04-07 18:17:03 - PHP Warning:  Trying to access array offset on value of type null in D:\OSPanel\home\retail.local\public\system\library\retailcrm\cron\history.php on line 154
2025-04-07 18:17:03 - PHP Warning:  foreach() argument must be of type array|object, null given in D:\OSPanel\home\retail.local\public\system\library\retailcrm\cron\history.php on line 154
2025-04-07 18:20:23 - PHP Warning:  Undefined variable $api in D:\OSPanel\home\retail.local\public\system\library\retailcrm\cron\history.php on line 16
2025-04-07 18:20:23 - PHP Unknown:  rtrim(): Passing null to parameter #1 ($string) of type string is deprecated in D:\OSPanel\home\retail.local\public\system\library\retailcrm\cron\history.php on line 16
2025-04-07 18:21:41 - PHP Warning:  mysqli_stmt::execute(): (HY000/1364): Field 'invoice_prefix' doesn't have a default value in D:\OSPanel\home\retail.local\public\system\library\retailcrm\cron\history.php on line 254
2025-04-07 18:21:41 - PHP Warning:  mysqli_stmt::execute(): (HY000/1364): Field 'model' doesn't have a default value in D:\OSPanel\home\retail.local\public\system\library\retailcrm\cron\history.php on line 284
2025-04-07 18:21:41 - PHP Warning:  mysqli_stmt::execute(): (HY000/1364): Field 'model' doesn't have a default value in D:\OSPanel\home\retail.local\public\system\library\retailcrm\cron\history.php on line 284
2025-04-07 18:21:41 - PHP Warning:  mysqli_stmt::execute(): (HY000/1364): Field 'model' doesn't have a default value in D:\OSPanel\home\retail.local\public\system\library\retailcrm\cron\history.php on line 284
2025-04-07 18:23:23 - PHP Warning:  Undefined array key "customFields" in D:\OSPanel\home\retail.local\public\system\library\retailcrm\cron\history.php on line 225
2025-04-07 18:23:23 - PHP Warning:  Trying to access array offset on value of type null in D:\OSPanel\home\retail.local\public\system\library\retailcrm\cron\history.php on line 225
2025-04-07 18:23:23 - PHP Warning:  mysqli_stmt::execute(): (23000/1048): Column 'invoice_prefix' cannot be null in D:\OSPanel\home\retail.local\public\system\library\retailcrm\cron\history.php on line 256
2025-04-07 18:23:23 - PHP Warning:  mysqli_stmt::execute(): (HY000/1364): Field 'model' doesn't have a default value in D:\OSPanel\home\retail.local\public\system\library\retailcrm\cron\history.php on line 286
2025-04-07 18:23:23 - PHP Warning:  mysqli_stmt::execute(): (HY000/1364): Field 'model' doesn't have a default value in D:\OSPanel\home\retail.local\public\system\library\retailcrm\cron\history.php on line 286
2025-04-07 18:23:23 - PHP Warning:  mysqli_stmt::execute(): (HY000/1364): Field 'model' doesn't have a default value in D:\OSPanel\home\retail.local\public\system\library\retailcrm\cron\history.php on line 286
2025-04-07 18:25:46 - PHP Warning:  mysqli_stmt::execute(): (23000/1048): Column 'invoice_prefix' cannot be null in D:\OSPanel\home\retail.local\public\system\library\retailcrm\cron\history.php on line 256
2025-04-07 18:25:46 - PHP Warning:  mysqli_stmt::execute(): (HY000/1364): Field 'model' doesn't have a default value in D:\OSPanel\home\retail.local\public\system\library\retailcrm\cron\history.php on line 286
2025-04-07 18:25:46 - PHP Warning:  mysqli_stmt::execute(): (HY000/1364): Field 'model' doesn't have a default value in D:\OSPanel\home\retail.local\public\system\library\retailcrm\cron\history.php on line 286
2025-04-07 18:25:46 - PHP Warning:  mysqli_stmt::execute(): (HY000/1364): Field 'model' doesn't have a default value in D:\OSPanel\home\retail.local\public\system\library\retailcrm\cron\history.php on line 286
2025-04-07 18:27:40 - PHP Warning:  mysqli_stmt::execute(): (23000/1048): Column 'invoice_prefix' cannot be null in D:\OSPanel\home\retail.local\public\system\library\retailcrm\cron\history.php on line 256
2025-04-07 18:27:40 - PHP Warning:  mysqli::prepare(): (21S01/1136): Column count doesn't match value count at row 1 in D:\OSPanel\home\retail.local\public\system\library\retailcrm\cron\history.php on line 273
2025-04-07 18:27:56 - PHP Warning:  mysqli_stmt::execute(): (23000/1048): Column 'invoice_prefix' cannot be null in D:\OSPanel\home\retail.local\public\system\library\retailcrm\cron\history.php on line 256
2025-04-07 18:27:56 - PHP Warning:  mysqli_stmt::execute(): (HY000/1364): Field 'reward' doesn't have a default value in D:\OSPanel\home\retail.local\public\system\library\retailcrm\cron\history.php on line 288
2025-04-07 18:27:56 - PHP Warning:  mysqli_stmt::execute(): (HY000/1364): Field 'reward' doesn't have a default value in D:\OSPanel\home\retail.local\public\system\library\retailcrm\cron\history.php on line 288
2025-04-07 18:27:56 - PHP Warning:  mysqli_stmt::execute(): (HY000/1364): Field 'reward' doesn't have a default value in D:\OSPanel\home\retail.local\public\system\library\retailcrm\cron\history.php on line 288
2025-04-07 18:28:53 - PHP Warning:  mysqli_stmt::execute(): (23000/1048): Column 'invoice_prefix' cannot be null in D:\OSPanel\home\retail.local\public\system\library\retailcrm\cron\history.php on line 256
2025-04-07 18:28:53 - PHP Warning:  mysqli::prepare(): (21S01/1136): Column count doesn't match value count at row 1 in D:\OSPanel\home\retail.local\public\system\library\retailcrm\cron\history.php on line 273
2025-04-07 18:29:10 - PHP Warning:  mysqli_stmt::execute(): (23000/1048): Column 'invoice_prefix' cannot be null in D:\OSPanel\home\retail.local\public\system\library\retailcrm\cron\history.php on line 256
2025-04-07 18:30:09 - PHP Warning:  mysqli_stmt::execute(): (HY000/1364): Field 'store_name' doesn't have a default value in D:\OSPanel\home\retail.local\public\system\library\retailcrm\cron\history.php on line 256
2025-04-07 18:31:53 - PHP Warning:  mysqli_stmt::execute(): (HY000/1364): Field 'store_name' doesn't have a default value in D:\OSPanel\home\retail.local\public\system\library\retailcrm\cron\history.php on line 257
2025-04-07 18:37:02 - PHP Warning:  mysqli_stmt::execute(): (HY000/1364): Field 'store_url' doesn't have a default value in D:\OSPanel\home\retail.local\public\system\library\retailcrm\cron\history.php on line 258
2025-04-07 18:38:58 - PHP Warning:  mysqli_stmt::execute(): (HY000/1364): Field 'fax' doesn't have a default value in D:\OSPanel\home\retail.local\public\system\library\retailcrm\cron\history.php on line 259
2025-04-07 18:41:04 - PHP Warning:  mysqli::prepare(): (42000/1064): You have an error in your SQL syntax; check the manual that corresponds to your MySQL server version for the right syntax to use near '(SELECT fax FROM oc_customer WHERE customer_id = 104)
                    )' at line 6 in D:\OSPanel\home\retail.local\public\system\library\retailcrm\cron\history.php on line 236
2025-04-07 18:42:26 - PHP Warning:  mysqli::prepare(): (42000/1064): You have an error in your SQL syntax; check the manual that corresponds to your MySQL server version for the right syntax to use near '(SELECT fax FROM oc_customer WHERE customer_id = 104)
                    )' at line 6 in D:\OSPanel\home\retail.local\public\system\library\retailcrm\cron\history.php on line 236
2025-04-07 18:43:41 - PHP Warning:  mysqli::prepare(): (42000/1064): You have an error in your SQL syntax; check the manual that corresponds to your MySQL server version for the right syntax to use near '(SELECT fax FROM oc_customer WHERE customer_id =104)
                    )' at line 6 in D:\OSPanel\home\retail.local\public\system\library\retailcrm\cron\history.php on line 236
2025-04-07 18:46:35 - PHP Warning:  mysqli_stmt::execute(): (HY000/1364): Field 'payment_firstname' doesn't have a default value in D:\OSPanel\home\retail.local\public\system\library\retailcrm\cron\history.php on line 262
2025-04-07 18:47:17 - PHP Warning:  mysqli_stmt::execute(): (HY000/1364): Field 'payment_lastname' doesn't have a default value in D:\OSPanel\home\retail.local\public\system\library\retailcrm\cron\history.php on line 263
2025-04-07 18:47:40 - PHP Warning:  mysqli_stmt::execute(): (HY000/1364): Field 'payment_company' doesn't have a default value in D:\OSPanel\home\retail.local\public\system\library\retailcrm\cron\history.php on line 264
